[0m11:31:09.413138 [debug] [MainThread]: Sending event: {'category': 'dbt', 'action': 'invocation', 'label': 'start', 'context': [<snowplow_tracker.self_describing_json.SelfDescribingJson object at 0x000002A978472330>, <snowplow_tracker.self_describing_json.SelfDescribingJson object at 0x000002A97977E900>, <snowplow_tracker.self_describing_json.SelfDescribingJson object at 0x000002A979259340>]}


============================== 11:31:09.418246 | b27f6db4-ddac-446c-bc04-49c00b91df9c ==============================
[0m11:31:09.418246 [info ] [MainThread]: Running with dbt=1.9.1
[0m11:31:09.419257 [debug] [MainThread]: running dbt with arguments {'printer_width': '80', 'indirect_selection': 'eager', 'log_cache_events': 'False', 'write_json': 'True', 'partial_parse': 'True', 'cache_selected_only': 'False', 'warn_error': 'None', 'debug': 'False', 'version_check': 'True', 'log_path': 'logs', 'fail_fast': 'False', 'profiles_dir': 'C:\\Users\\Christophe OLIVERES\\.dbt', 'use_colors': 'True', 'use_experimental_parser': 'False', 'empty': 'None', 'quiet': 'False', 'no_print': 'None', 'log_format': 'default', 'introspect': 'True', 'static_parser': 'True', 'invocation_command': 'dbt init', 'target_path': 'None', 'warn_error_options': 'WarnErrorOptions(include=[], exclude=[])', 'send_anonymous_usage_stats': 'True'}
[0m11:31:16.969898 [debug] [MainThread]: Starter project path: c:\1dev_projects\dbt-snowflakes-data_pipeline\.venv\Lib\site-packages\dbt\include\starter_project
[0m11:31:17.022934 [info ] [MainThread]: 
Your new dbt project "data_pipeline" was created!

For more information on how to configure the profiles.yml file,
please consult the dbt documentation here:

  https://docs.getdbt.com/docs/configure-your-profile

One more thing:

Need help? Don't hesitate to reach out to us via GitHub issues or on Slack:

  https://community.getdbt.com/

Happy modeling!

[0m11:31:17.024874 [info ] [MainThread]: Setting up your profile.
[0m11:32:23.036864 [info ] [MainThread]: Profile data_pipeline written to C:\Users\Christophe OLIVERES\.dbt\profiles.yml using target's profile_template.yml and your supplied values. Run 'dbt debug' to validate the connection.
[0m11:32:23.039802 [debug] [MainThread]: Command `dbt init` succeeded at 11:32:23.039802 after 73.79 seconds
[0m11:32:23.040819 [debug] [MainThread]: Sending event: {'category': 'dbt', 'action': 'invocation', 'label': 'end', 'context': [<snowplow_tracker.self_describing_json.SelfDescribingJson object at 0x000002A97C5B42C0>, <snowplow_tracker.self_describing_json.SelfDescribingJson object at 0x000002A978472330>, <snowplow_tracker.self_describing_json.SelfDescribingJson object at 0x000002A97C47E630>]}
[0m11:32:23.041861 [debug] [MainThread]: Flushing usage events
[0m11:32:23.498687 [debug] [MainThread]: An error was encountered while trying to flush usage events
[0m11:32:29.588351 [debug] [MainThread]: Sending event: {'category': 'dbt', 'action': 'invocation', 'label': 'start', 'context': [<snowplow_tracker.self_describing_json.SelfDescribingJson object at 0x00000279AA2C18B0>, <snowplow_tracker.self_describing_json.SelfDescribingJson object at 0x00000279A906D7C0>, <snowplow_tracker.self_describing_json.SelfDescribingJson object at 0x00000279AB2A3BF0>]}


============================== 11:32:29.593355 | c6d6d9f0-9e99-4513-9edd-8ca43636ceef ==============================
[0m11:32:29.593355 [info ] [MainThread]: Running with dbt=1.9.1
[0m11:32:29.594355 [debug] [MainThread]: running dbt with arguments {'printer_width': '80', 'indirect_selection': 'eager', 'log_cache_events': 'False', 'write_json': 'True', 'partial_parse': 'True', 'cache_selected_only': 'False', 'warn_error': 'None', 'debug': 'False', 'version_check': 'True', 'log_path': 'logs', 'fail_fast': 'False', 'profiles_dir': 'C:\\Users\\Christophe OLIVERES\\.dbt', 'use_colors': 'True', 'use_experimental_parser': 'False', 'no_print': 'None', 'quiet': 'False', 'empty': 'None', 'warn_error_options': 'WarnErrorOptions(include=[], exclude=[])', 'invocation_command': 'dbt debug', 'log_format': 'default', 'static_parser': 'True', 'target_path': 'None', 'introspect': 'True', 'send_anonymous_usage_stats': 'True'}
[0m11:32:29.625022 [info ] [MainThread]: dbt version: 1.9.1
[0m11:32:29.626021 [info ] [MainThread]: python version: 3.12.7
[0m11:32:29.626021 [info ] [MainThread]: python path: c:\1dev_projects\dbt-snowflakes-data_pipeline\.venv\Scripts\python.exe
[0m11:32:29.627022 [info ] [MainThread]: os info: Windows-11-10.0.22631-SP0
[0m11:32:30.015697 [info ] [MainThread]: Using profiles dir at C:\Users\Christophe OLIVERES\.dbt
[0m11:32:30.016794 [info ] [MainThread]: Using profiles.yml file at C:\Users\Christophe OLIVERES\.dbt\profiles.yml
[0m11:32:30.017623 [info ] [MainThread]: Using dbt_project.yml file at C:\1dev_projects\dbt-snowflakes-data_pipeline\dbt_project.yml
[0m11:32:30.019108 [info ] [MainThread]: adapter type: snowflake
[0m11:32:30.020126 [info ] [MainThread]: adapter version: 1.9.0
[0m11:32:30.020126 [info ] [MainThread]: Configuration:
[0m11:32:30.021638 [info ] [MainThread]:   profiles.yml file [[32mOK found and valid[0m]
[0m11:32:30.022651 [info ] [MainThread]:   dbt_project.yml file [[31mERROR not found[0m]
[0m11:32:30.022651 [info ] [MainThread]: Required dependencies:
[0m11:32:30.023648 [debug] [MainThread]: Executing "git --help"
[0m11:32:30.070961 [debug] [MainThread]: STDOUT: "b"usage: git [-v | --version] [-h | --help] [-C <path>] [-c <name>=<value>]\n           [--exec-path[=<path>]] [--html-path] [--man-path] [--info-path]\n           [-p | --paginate | -P | --no-pager] [--no-replace-objects] [--bare]\n           [--git-dir=<path>] [--work-tree=<path>] [--namespace=<name>]\n           [--config-env=<name>=<envvar>] <command> [<args>]\n\nThese are common Git commands used in various situations:\n\nstart a working area (see also: git help tutorial)\n   clone     Clone a repository into a new directory\n   init      Create an empty Git repository or reinitialize an existing one\n\nwork on the current change (see also: git help everyday)\n   add       Add file contents to the index\n   mv        Move or rename a file, a directory, or a symlink\n   restore   Restore working tree files\n   rm        Remove files from the working tree and from the index\n\nexamine the history and state (see also: git help revisions)\n   bisect    Use binary search to find the commit that introduced a bug\n   diff      Show changes between commits, commit and working tree, etc\n   grep      Print lines matching a pattern\n   log       Show commit logs\n   show      Show various types of objects\n   status    Show the working tree status\n\ngrow, mark and tweak your common history\n   branch    List, create, or delete branches\n   commit    Record changes to the repository\n   merge     Join two or more development histories together\n   rebase    Reapply commits on top of another base tip\n   reset     Reset current HEAD to the specified state\n   switch    Switch branches\n   tag       Create, list, delete or verify a tag object signed with GPG\n\ncollaborate (see also: git help workflows)\n   fetch     Download objects and refs from another repository\n   pull      Fetch from and integrate with another repository or a local branch\n   push      Update remote refs along with associated objects\n\n'git help -a' and 'git help -g' list available subcommands and some\nconcept guides. See 'git help <command>' or 'git help <concept>'\nto read about a specific subcommand or concept.\nSee 'git help git' for an overview of the system.\n""
[0m11:32:30.070961 [debug] [MainThread]: STDERR: "b''"
[0m11:32:30.072064 [info ] [MainThread]:  - git [[32mOK found[0m]

[0m11:32:30.073961 [info ] [MainThread]: Connection:
[0m11:32:30.074962 [info ] [MainThread]:   account: XODSJBW-BO09111
[0m11:32:30.075224 [info ] [MainThread]:   user: CHRSOLV
[0m11:32:30.075224 [info ] [MainThread]:   database: dbt_db
[0m11:32:30.076532 [info ] [MainThread]:   warehouse: dbt_wh
[0m11:32:30.077540 [info ] [MainThread]:   role: dbt_role
[0m11:32:30.077540 [info ] [MainThread]:   schema: dbt_schema
[0m11:32:30.078539 [info ] [MainThread]:   authenticator: None
[0m11:32:30.078539 [info ] [MainThread]:   oauth_client_id: None
[0m11:32:30.079540 [info ] [MainThread]:   query_tag: None
[0m11:32:30.080540 [info ] [MainThread]:   client_session_keep_alive: False
[0m11:32:30.080540 [info ] [MainThread]:   host: None
[0m11:32:30.081281 [info ] [MainThread]:   port: None
[0m11:32:30.081281 [info ] [MainThread]:   proxy_host: None
[0m11:32:30.082305 [info ] [MainThread]:   proxy_port: None
[0m11:32:30.082305 [info ] [MainThread]:   protocol: None
[0m11:32:30.083303 [info ] [MainThread]:   connect_retries: 1
[0m11:32:30.083303 [info ] [MainThread]:   connect_timeout: None
[0m11:32:30.084304 [info ] [MainThread]:   retry_on_database_errors: False
[0m11:32:30.085303 [info ] [MainThread]:   retry_all: False
[0m11:32:30.085303 [info ] [MainThread]:   insecure_mode: False
[0m11:32:30.086305 [info ] [MainThread]:   reuse_connections: True
[0m11:32:30.087304 [info ] [MainThread]: Registered adapter: snowflake=1.9.0
[0m11:32:30.476833 [debug] [MainThread]: Acquiring new snowflake connection 'debug'
[0m11:32:33.599006 [debug] [MainThread]: Using snowflake connection "debug"
[0m11:32:33.599006 [debug] [MainThread]: On debug: select 1 as id
[0m11:32:33.600006 [debug] [MainThread]: Opening a new connection, currently in state init
[0m11:32:34.787739 [debug] [MainThread]: SQL status: SUCCESS 1 in 1.188 seconds
[0m11:32:34.789729 [info ] [MainThread]:   Connection test: [[32mOK connection ok[0m]

[0m11:32:34.791732 [info ] [MainThread]: [31m1 check failed:[0m
[0m11:32:34.792726 [info ] [MainThread]: Project loading failed for the following reason:
 project path <C:\1dev_projects\dbt-snowflakes-data_pipeline\dbt_project.yml> not found

[0m11:32:34.795791 [debug] [MainThread]: Command `dbt debug` failed at 11:32:34.795791 after 5.50 seconds
[0m11:32:34.796312 [debug] [MainThread]: Connection 'debug' was left open.
[0m11:32:34.796312 [debug] [MainThread]: On debug: Close
[0m11:32:34.927375 [debug] [MainThread]: Sending event: {'category': 'dbt', 'action': 'invocation', 'label': 'end', 'context': [<snowplow_tracker.self_describing_json.SelfDescribingJson object at 0x00000279AB15F8C0>, <snowplow_tracker.self_describing_json.SelfDescribingJson object at 0x00000279AD5E95E0>, <snowplow_tracker.self_describing_json.SelfDescribingJson object at 0x00000279AB27EDB0>]}
[0m11:32:34.928393 [debug] [MainThread]: Flushing usage events
[0m11:32:35.333638 [debug] [MainThread]: An error was encountered while trying to flush usage events
